Performance Statistics   2016-10-11 10:26:00 - 2016-10-11 10:27:00
Tag                                                  Avg(ms)         Min         Max     Std Dev       Count
DESTROY_TICKET_GRANTING_TICKET                           4.0           4           4         0.0           1

Performance Statistics   2016-10-11 10:32:00 - 2016-10-11 10:33:00
Tag                                                  Avg(ms)         Min         Max     Std Dev       Count

Performance Statistics   2016-10-11 10:49:00 - 2016-10-11 10:50:00
Tag                                                  Avg(ms)         Min         Max     Std Dev       Count
AUTHENTICATE                                             6.0           6           6         0.0           1
CREATE_TICKET_GRANTING_TICKET                            8.0           8           8         0.0           1

Performance Statistics   2016-10-11 10:49:00 - 2016-10-11 10:50:00
Tag                                                  Avg(ms)         Min         Max     Std Dev       Count

Performance Statistics   2016-10-11 10:50:00 - 2016-10-11 10:51:00
Tag                                                  Avg(ms)         Min         Max     Std Dev       Count

Performance Statistics   2016-10-11 10:50:00 - 2016-10-11 10:51:00
Tag                                                  Avg(ms)         Min         Max     Std Dev       Count

Performance Statistics   2016-10-11 10:51:00 - 2016-10-11 10:52:00
Tag                                                  Avg(ms)         Min         Max     Std Dev       Count

Performance Statistics   2016-10-11 10:51:00 - 2016-10-11 10:52:00
Tag                                                  Avg(ms)         Min         Max     Std Dev       Count

Performance Statistics   2016-10-11 10:52:00 - 2016-10-11 10:53:00
Tag                                                  Avg(ms)         Min         Max     Std Dev       Count

Performance Statistics   2016-10-11 10:52:00 - 2016-10-11 10:53:00
Tag                                                  Avg(ms)         Min         Max     Std Dev       Count

Performance Statistics   2016-10-11 10:53:00 - 2016-10-11 10:54:00
Tag                                                  Avg(ms)         Min         Max     Std Dev       Count

Performance Statistics   2016-10-11 10:53:00 - 2016-10-11 10:54:00
Tag                                                  Avg(ms)         Min         Max     Std Dev       Count

Performance Statistics   2016-10-11 10:54:00 - 2016-10-11 10:55:00
Tag                                                  Avg(ms)         Min         Max     Std Dev       Count

Performance Statistics   2016-10-11 10:54:00 - 2016-10-11 10:55:00
Tag                                                  Avg(ms)         Min         Max     Std Dev       Count

Performance Statistics   2016-10-11 10:55:00 - 2016-10-11 10:56:00
Tag                                                  Avg(ms)         Min         Max     Std Dev       Count

Performance Statistics   2016-10-11 10:55:00 - 2016-10-11 10:56:00
Tag                                                  Avg(ms)         Min         Max     Std Dev       Count

Performance Statistics   2016-10-11 10:56:00 - 2016-10-11 10:57:00
Tag                                                  Avg(ms)         Min         Max     Std Dev       Count

Performance Statistics   2016-10-11 10:56:00 - 2016-10-11 10:57:00
Tag                                                  Avg(ms)         Min         Max     Std Dev       Count

Performance Statistics   2016-10-11 10:58:00 - 2016-10-11 10:59:00
Tag                                                  Avg(ms)         Min         Max     Std Dev       Count
AUTHENTICATE                                          8278.0        8278        8278         0.0           1
CREATE_TICKET_GRANTING_TICKET                         8280.0        8280        8280         0.0           1

Performance Statistics   2016-10-11 10:59:00 - 2016-10-11 11:00:00
Tag                                                  Avg(ms)         Min         Max     Std Dev       Count

Performance Statistics   2016-10-11 10:59:00 - 2016-10-11 11:00:00
Tag                                                  Avg(ms)         Min         Max     Std Dev       Count
AUTHENTICATE                                             4.0           4           4         0.0           1
CREATE_TICKET_GRANTING_TICKET                            7.0           7           7         0.0           1
GRANT_SERVICE_TICKET                                     3.0           3           3         0.0           1

Performance Statistics   2016-10-11 11:00:00 - 2016-10-11 11:01:00
Tag                                                  Avg(ms)         Min         Max     Std Dev       Count

Performance Statistics   2016-10-11 11:00:00 - 2016-10-11 11:01:00
Tag                                                  Avg(ms)         Min         Max     Std Dev       Count

Performance Statistics   2016-10-11 11:01:00 - 2016-10-11 11:02:00
Tag                                                  Avg(ms)         Min         Max     Std Dev       Count
GRANT_SERVICE_TICKET                                     1.0           1           1         0.0           1

Performance Statistics   2016-10-11 11:02:00 - 2016-10-11 11:03:00
Tag                                                  Avg(ms)         Min         Max     Std Dev       Count
DESTROY_TICKET_GRANTING_TICKET                           5.0           5           5         0.0           1

Performance Statistics   2016-10-11 11:03:00 - 2016-10-11 11:04:00
Tag                                                  Avg(ms)         Min         Max     Std Dev       Count

Performance Statistics   2016-10-11 11:03:00 - 2016-10-11 11:04:00
Tag                                                  Avg(ms)         Min         Max     Std Dev       Count

Performance Statistics   2016-10-11 11:04:00 - 2016-10-11 11:05:00
Tag                                                  Avg(ms)         Min         Max     Std Dev       Count

Performance Statistics   2016-10-11 11:04:00 - 2016-10-11 11:05:00
Tag                                                  Avg(ms)         Min         Max     Std Dev       Count

Performance Statistics   2016-10-11 11:05:00 - 2016-10-11 11:06:00
Tag                                                  Avg(ms)         Min         Max     Std Dev       Count

Performance Statistics   2016-10-11 11:05:00 - 2016-10-11 11:06:00
Tag                                                  Avg(ms)         Min         Max     Std Dev       Count

Performance Statistics   2016-10-11 11:06:00 - 2016-10-11 11:07:00
Tag                                                  Avg(ms)         Min         Max     Std Dev       Count

Performance Statistics   2016-10-11 11:06:00 - 2016-10-11 11:07:00
Tag                                                  Avg(ms)         Min         Max     Std Dev       Count

Performance Statistics   2016-10-11 11:07:00 - 2016-10-11 11:08:00
Tag                                                  Avg(ms)         Min         Max     Std Dev       Count
AUTHENTICATE                                          8267.0        8267        8267         0.0           1
CREATE_TICKET_GRANTING_TICKET                         8268.0        8268        8268         0.0           1

Performance Statistics   2016-10-11 11:07:00 - 2016-10-11 11:08:00
Tag                                                  Avg(ms)         Min         Max     Std Dev       Count

Performance Statistics   2016-10-11 11:08:00 - 2016-10-11 11:09:00
Tag                                                  Avg(ms)         Min         Max     Std Dev       Count

Performance Statistics   2016-10-11 11:08:00 - 2016-10-11 11:09:00
Tag                                                  Avg(ms)         Min         Max     Std Dev       Count

Performance Statistics   2016-10-11 11:09:00 - 2016-10-11 11:10:00
Tag                                                  Avg(ms)         Min         Max     Std Dev       Count
AUTHENTICATE                                          4894.5        1774        8015      3120.5           2
CREATE_TICKET_GRANTING_TICKET                         4897.5        1779        8016      3118.5           2

Performance Statistics   2016-10-11 11:09:00 - 2016-10-11 11:10:00
Tag                                                  Avg(ms)         Min         Max     Std Dev       Count

Performance Statistics   2016-10-11 11:10:00 - 2016-10-11 11:11:00
Tag                                                  Avg(ms)         Min         Max     Std Dev       Count

Performance Statistics   2016-10-11 11:20:00 - 2016-10-11 11:21:00
Tag                                                  Avg(ms)         Min         Max     Std Dev       Count

Performance Statistics   2016-10-11 11:26:00 - 2016-10-11 11:27:00
Tag                                                  Avg(ms)         Min         Max     Std Dev       Count

Performance Statistics   2016-10-11 11:26:00 - 2016-10-11 11:27:00
Tag                                                  Avg(ms)         Min         Max     Std Dev       Count
AUTHENTICATE                                          8155.5        8017        8294       138.5           2
CREATE_TICKET_GRANTING_TICKET                         8157.5        8019        8296       138.5           2

Performance Statistics   2016-10-11 11:27:00 - 2016-10-11 11:28:00
Tag                                                  Avg(ms)         Min         Max     Std Dev       Count

Performance Statistics   2016-10-11 11:27:00 - 2016-10-11 11:28:00
Tag                                                  Avg(ms)         Min         Max     Std Dev       Count

Performance Statistics   2016-10-11 11:28:00 - 2016-10-11 11:29:00
Tag                                                  Avg(ms)         Min         Max     Std Dev       Count

Performance Statistics   2016-10-11 11:28:00 - 2016-10-11 11:29:00
Tag                                                  Avg(ms)         Min         Max     Std Dev       Count

Performance Statistics   2016-10-11 11:29:00 - 2016-10-11 11:30:00
Tag                                                  Avg(ms)         Min         Max     Std Dev       Count

Performance Statistics   2016-10-11 11:29:00 - 2016-10-11 11:30:00
Tag                                                  Avg(ms)         Min         Max     Std Dev       Count

Performance Statistics   2016-10-11 11:30:00 - 2016-10-11 11:31:00
Tag                                                  Avg(ms)         Min         Max     Std Dev       Count

Performance Statistics   2016-10-11 11:30:00 - 2016-10-11 11:31:00
Tag                                                  Avg(ms)         Min         Max     Std Dev       Count
AUTHENTICATE                                            37.0          37          37         0.0           1
CREATE_TICKET_GRANTING_TICKET                           39.0          39          39         0.0           1
GRANT_SERVICE_TICKET                                     2.0           2           2         0.0           2

Performance Statistics   2016-10-11 11:31:00 - 2016-10-11 11:32:00
Tag                                                  Avg(ms)         Min         Max     Std Dev       Count

Performance Statistics   2016-10-11 11:31:00 - 2016-10-11 11:32:00
Tag                                                  Avg(ms)         Min         Max     Std Dev       Count

Performance Statistics   2016-10-11 11:32:00 - 2016-10-11 11:33:00
Tag                                                  Avg(ms)         Min         Max     Std Dev       Count

Performance Statistics   2016-10-11 11:32:00 - 2016-10-11 11:33:00
Tag                                                  Avg(ms)         Min         Max     Std Dev       Count

Performance Statistics   2016-10-11 11:33:00 - 2016-10-11 11:34:00
Tag                                                  Avg(ms)         Min         Max     Std Dev       Count

Performance Statistics   2016-10-11 11:33:00 - 2016-10-11 11:34:00
Tag                                                  Avg(ms)         Min         Max     Std Dev       Count

Performance Statistics   2016-10-11 11:34:00 - 2016-10-11 11:35:00
Tag                                                  Avg(ms)         Min         Max     Std Dev       Count

Performance Statistics   2016-10-11 11:34:00 - 2016-10-11 11:35:00
Tag                                                  Avg(ms)         Min         Max     Std Dev       Count

Performance Statistics   2016-10-11 11:35:00 - 2016-10-11 11:36:00
Tag                                                  Avg(ms)         Min         Max     Std Dev       Count

Performance Statistics   2016-10-11 11:35:00 - 2016-10-11 11:36:00
Tag                                                  Avg(ms)         Min         Max     Std Dev       Count

Performance Statistics   2016-10-11 11:36:00 - 2016-10-11 11:37:00
Tag                                                  Avg(ms)         Min         Max     Std Dev       Count

Performance Statistics   2016-10-11 11:36:00 - 2016-10-11 11:37:00
Tag                                                  Avg(ms)         Min         Max     Std Dev       Count

Performance Statistics   2016-10-11 11:37:00 - 2016-10-11 11:38:00
Tag                                                  Avg(ms)         Min         Max     Std Dev       Count

Performance Statistics   2016-10-11 11:37:00 - 2016-10-11 11:38:00
Tag                                                  Avg(ms)         Min         Max     Std Dev       Count

Performance Statistics   2016-10-11 11:38:00 - 2016-10-11 11:39:00
Tag                                                  Avg(ms)         Min         Max     Std Dev       Count

Performance Statistics   2016-10-11 11:38:00 - 2016-10-11 11:39:00
Tag                                                  Avg(ms)         Min         Max     Std Dev       Count

Performance Statistics   2016-10-11 11:39:00 - 2016-10-11 11:40:00
Tag                                                  Avg(ms)         Min         Max     Std Dev       Count

Performance Statistics   2016-10-11 11:39:00 - 2016-10-11 11:40:00
Tag                                                  Avg(ms)         Min         Max     Std Dev       Count

Performance Statistics   2016-10-11 11:40:00 - 2016-10-11 11:41:00
Tag                                                  Avg(ms)         Min         Max     Std Dev       Count

Performance Statistics   2016-10-11 11:40:00 - 2016-10-11 11:41:00
Tag                                                  Avg(ms)         Min         Max     Std Dev       Count

Performance Statistics   2016-10-11 11:41:00 - 2016-10-11 11:42:00
Tag                                                  Avg(ms)         Min         Max     Std Dev       Count

Performance Statistics   2016-10-11 11:41:00 - 2016-10-11 11:42:00
Tag                                                  Avg(ms)         Min         Max     Std Dev       Count

Performance Statistics   2016-10-11 11:42:00 - 2016-10-11 11:43:00
Tag                                                  Avg(ms)         Min         Max     Std Dev       Count

Performance Statistics   2016-10-11 11:42:00 - 2016-10-11 11:43:00
Tag                                                  Avg(ms)         Min         Max     Std Dev       Count

Performance Statistics   2016-10-11 11:43:00 - 2016-10-11 11:44:00
Tag                                                  Avg(ms)         Min         Max     Std Dev       Count

Performance Statistics   2016-10-11 11:43:00 - 2016-10-11 11:44:00
Tag                                                  Avg(ms)         Min         Max     Std Dev       Count

Performance Statistics   2016-10-11 11:44:00 - 2016-10-11 11:45:00
Tag                                                  Avg(ms)         Min         Max     Std Dev       Count

Performance Statistics   2016-10-11 11:44:00 - 2016-10-11 11:45:00
Tag                                                  Avg(ms)         Min         Max     Std Dev       Count

Performance Statistics   2016-10-11 11:45:00 - 2016-10-11 11:46:00
Tag                                                  Avg(ms)         Min         Max     Std Dev       Count

Performance Statistics   2016-10-11 11:47:00 - 2016-10-11 11:48:00
Tag                                                  Avg(ms)         Min         Max     Std Dev       Count
DESTROY_TICKET_GRANTING_TICKET                           4.0           4           4         0.0           1

Performance Statistics   2016-10-11 11:51:00 - 2016-10-11 11:52:00
Tag                                                  Avg(ms)         Min         Max     Std Dev       Count

Performance Statistics   2016-10-11 11:51:00 - 2016-10-11 11:52:00
Tag                                                  Avg(ms)         Min         Max     Std Dev       Count

Performance Statistics   2016-10-11 11:52:00 - 2016-10-11 11:53:00
Tag                                                  Avg(ms)         Min         Max     Std Dev       Count

Performance Statistics   2016-10-11 11:52:00 - 2016-10-11 11:53:00
Tag                                                  Avg(ms)         Min         Max     Std Dev       Count

Performance Statistics   2016-10-11 11:56:00 - 2016-10-11 11:57:00
Tag                                                  Avg(ms)         Min         Max     Std Dev       Count

Performance Statistics   2016-10-11 11:56:00 - 2016-10-11 11:57:00
Tag                                                  Avg(ms)         Min         Max     Std Dev       Count

Performance Statistics   2016-10-11 11:57:00 - 2016-10-11 11:58:00
Tag                                                  Avg(ms)         Min         Max     Std Dev       Count

Performance Statistics   2016-10-11 11:57:00 - 2016-10-11 11:58:00
Tag                                                  Avg(ms)         Min         Max     Std Dev       Count

Performance Statistics   2016-10-11 11:58:00 - 2016-10-11 11:59:00
Tag                                                  Avg(ms)         Min         Max     Std Dev       Count

Performance Statistics   2016-10-11 11:58:00 - 2016-10-11 11:59:00
Tag                                                  Avg(ms)         Min         Max     Std Dev       Count

Performance Statistics   2016-10-11 11:59:00 - 2016-10-11 12:00:00
Tag                                                  Avg(ms)         Min         Max     Std Dev       Count

Performance Statistics   2016-10-11 11:59:00 - 2016-10-11 12:00:00
Tag                                                  Avg(ms)         Min         Max     Std Dev       Count

Performance Statistics   2016-10-11 12:00:00 - 2016-10-11 12:01:00
Tag                                                  Avg(ms)         Min         Max     Std Dev       Count

Performance Statistics   2016-10-11 12:00:00 - 2016-10-11 12:01:00
Tag                                                  Avg(ms)         Min         Max     Std Dev       Count

Performance Statistics   2016-10-11 12:01:00 - 2016-10-11 12:02:00
Tag                                                  Avg(ms)         Min         Max     Std Dev       Count

Performance Statistics   2016-10-11 12:01:00 - 2016-10-11 12:02:00
Tag                                                  Avg(ms)         Min         Max     Std Dev       Count

Performance Statistics   2016-10-11 12:02:00 - 2016-10-11 12:03:00
Tag                                                  Avg(ms)         Min         Max     Std Dev       Count

Performance Statistics   2016-10-11 12:02:00 - 2016-10-11 12:03:00
Tag                                                  Avg(ms)         Min         Max     Std Dev       Count

Performance Statistics   2016-10-11 12:03:00 - 2016-10-11 12:04:00
Tag                                                  Avg(ms)         Min         Max     Std Dev       Count

Performance Statistics   2016-10-11 12:03:00 - 2016-10-11 12:04:00
Tag                                                  Avg(ms)         Min         Max     Std Dev       Count

Performance Statistics   2016-10-11 12:04:00 - 2016-10-11 12:05:00
Tag                                                  Avg(ms)         Min         Max     Std Dev       Count

Performance Statistics   2016-10-11 12:06:00 - 2016-10-11 12:07:00
Tag                                                  Avg(ms)         Min         Max     Std Dev       Count

Performance Statistics   2016-10-11 12:06:00 - 2016-10-11 12:07:00
Tag                                                  Avg(ms)         Min         Max     Std Dev       Count

Performance Statistics   2016-10-11 12:09:00 - 2016-10-11 12:10:00
Tag                                                  Avg(ms)         Min         Max     Std Dev       Count

Performance Statistics   2016-10-11 12:10:00 - 2016-10-11 12:11:00
Tag                                                  Avg(ms)         Min         Max     Std Dev       Count

Performance Statistics   2016-10-11 12:10:00 - 2016-10-11 12:11:00
Tag                                                  Avg(ms)         Min         Max     Std Dev       Count

Performance Statistics   2016-10-11 12:11:00 - 2016-10-11 12:12:00
Tag                                                  Avg(ms)         Min         Max     Std Dev       Count

Performance Statistics   2016-10-11 12:11:00 - 2016-10-11 12:12:00
Tag                                                  Avg(ms)         Min         Max     Std Dev       Count

Performance Statistics   2016-10-11 12:12:00 - 2016-10-11 12:13:00
Tag                                                  Avg(ms)         Min         Max     Std Dev       Count

Performance Statistics   2016-10-11 12:12:00 - 2016-10-11 12:13:00
Tag                                                  Avg(ms)         Min         Max     Std Dev       Count

Performance Statistics   2016-10-11 12:13:00 - 2016-10-11 12:14:00
Tag                                                  Avg(ms)         Min         Max     Std Dev       Count

Performance Statistics   2016-10-11 12:13:00 - 2016-10-11 12:14:00
Tag                                                  Avg(ms)         Min         Max     Std Dev       Count

Performance Statistics   2016-10-11 12:14:00 - 2016-10-11 12:15:00
Tag                                                  Avg(ms)         Min         Max     Std Dev       Count

Performance Statistics   2016-10-11 12:14:00 - 2016-10-11 12:15:00
Tag                                                  Avg(ms)         Min         Max     Std Dev       Count

Performance Statistics   2016-10-11 12:15:00 - 2016-10-11 12:16:00
Tag                                                  Avg(ms)         Min         Max     Std Dev       Count

Performance Statistics   2016-10-11 12:29:00 - 2016-10-11 12:30:00
Tag                                                  Avg(ms)         Min         Max     Std Dev       Count

Performance Statistics   2016-10-11 12:29:00 - 2016-10-11 12:30:00
Tag                                                  Avg(ms)         Min         Max     Std Dev       Count

Performance Statistics   2016-10-11 12:30:00 - 2016-10-11 12:31:00
Tag                                                  Avg(ms)         Min         Max     Std Dev       Count

Performance Statistics   2016-10-11 12:30:00 - 2016-10-11 12:31:00
Tag                                                  Avg(ms)         Min         Max     Std Dev       Count

Performance Statistics   2016-10-11 12:31:00 - 2016-10-11 12:32:00
Tag                                                  Avg(ms)         Min         Max     Std Dev       Count

Performance Statistics   2016-10-11 12:31:00 - 2016-10-11 12:32:00
Tag                                                  Avg(ms)         Min         Max     Std Dev       Count

Performance Statistics   2016-10-11 12:32:00 - 2016-10-11 12:33:00
Tag                                                  Avg(ms)         Min         Max     Std Dev       Count

Performance Statistics   2016-10-11 12:32:00 - 2016-10-11 12:33:00
Tag                                                  Avg(ms)         Min         Max     Std Dev       Count

Performance Statistics   2016-10-11 12:33:00 - 2016-10-11 12:34:00
Tag                                                  Avg(ms)         Min         Max     Std Dev       Count

Performance Statistics   2016-10-11 12:33:00 - 2016-10-11 12:34:00
Tag                                                  Avg(ms)         Min         Max     Std Dev       Count

Performance Statistics   2016-10-11 12:34:00 - 2016-10-11 12:35:00
Tag                                                  Avg(ms)         Min         Max     Std Dev       Count

Performance Statistics   2016-10-11 12:34:00 - 2016-10-11 12:35:00
Tag                                                  Avg(ms)         Min         Max     Std Dev       Count

Performance Statistics   2016-10-11 12:35:00 - 2016-10-11 12:36:00
Tag                                                  Avg(ms)         Min         Max     Std Dev       Count

Performance Statistics   2016-10-11 12:35:00 - 2016-10-11 12:36:00
Tag                                                  Avg(ms)         Min         Max     Std Dev       Count

Performance Statistics   2016-10-11 12:36:00 - 2016-10-11 12:37:00
Tag                                                  Avg(ms)         Min         Max     Std Dev       Count

Performance Statistics   2016-10-11 12:36:00 - 2016-10-11 12:37:00
Tag                                                  Avg(ms)         Min         Max     Std Dev       Count

Performance Statistics   2016-10-11 12:37:00 - 2016-10-11 12:38:00
Tag                                                  Avg(ms)         Min         Max     Std Dev       Count

Performance Statistics   2016-10-11 12:37:00 - 2016-10-11 12:38:00
Tag                                                  Avg(ms)         Min         Max     Std Dev       Count

Performance Statistics   2016-10-11 12:38:00 - 2016-10-11 12:39:00
Tag                                                  Avg(ms)         Min         Max     Std Dev       Count

Performance Statistics   2016-10-11 12:40:00 - 2016-10-11 12:41:00
Tag                                                  Avg(ms)         Min         Max     Std Dev       Count

Performance Statistics   2016-10-11 12:40:00 - 2016-10-11 12:41:00
Tag                                                  Avg(ms)         Min         Max     Std Dev       Count

Performance Statistics   2016-10-11 12:53:00 - 2016-10-11 12:54:00
Tag                                                  Avg(ms)         Min         Max     Std Dev       Count
AUTHENTICATE                                           377.0         377         377         0.0           1
CREATE_TICKET_GRANTING_TICKET                          381.0         381         381         0.0           1
GRANT_SERVICE_TICKET                                     1.0           1           1         0.0           1

Performance Statistics   2016-10-11 12:53:00 - 2016-10-11 12:54:00
Tag                                                  Avg(ms)         Min         Max     Std Dev       Count

Performance Statistics   2016-10-11 12:54:00 - 2016-10-11 12:55:00
Tag                                                  Avg(ms)         Min         Max     Std Dev       Count

Performance Statistics   2016-10-11 12:54:00 - 2016-10-11 12:55:00
Tag                                                  Avg(ms)         Min         Max     Std Dev       Count

Performance Statistics   2016-10-11 12:55:00 - 2016-10-11 12:56:00
Tag                                                  Avg(ms)         Min         Max     Std Dev       Count

Performance Statistics   2016-10-11 12:55:00 - 2016-10-11 12:56:00
Tag                                                  Avg(ms)         Min         Max     Std Dev       Count

Performance Statistics   2016-10-11 12:56:00 - 2016-10-11 12:57:00
Tag                                                  Avg(ms)         Min         Max     Std Dev       Count

Performance Statistics   2016-10-11 12:56:00 - 2016-10-11 12:57:00
Tag                                                  Avg(ms)         Min         Max     Std Dev       Count

Performance Statistics   2016-10-11 12:57:00 - 2016-10-11 12:58:00
Tag                                                  Avg(ms)         Min         Max     Std Dev       Count

Performance Statistics   2016-10-11 12:57:00 - 2016-10-11 12:58:00
Tag                                                  Avg(ms)         Min         Max     Std Dev       Count

Performance Statistics   2016-10-11 12:58:00 - 2016-10-11 12:59:00
Tag                                                  Avg(ms)         Min         Max     Std Dev       Count

Performance Statistics   2016-10-11 12:58:00 - 2016-10-11 12:59:00
Tag                                                  Avg(ms)         Min         Max     Std Dev       Count

Performance Statistics   2016-10-11 12:59:00 - 2016-10-11 13:00:00
Tag                                                  Avg(ms)         Min         Max     Std Dev       Count

Performance Statistics   2016-10-11 12:59:00 - 2016-10-11 13:00:00
Tag                                                  Avg(ms)         Min         Max     Std Dev       Count

Performance Statistics   2016-10-11 13:00:00 - 2016-10-11 13:01:00
Tag                                                  Avg(ms)         Min         Max     Std Dev       Count

Performance Statistics   2016-10-11 13:00:00 - 2016-10-11 13:01:00
Tag                                                  Avg(ms)         Min         Max     Std Dev       Count

Performance Statistics   2016-10-11 13:01:00 - 2016-10-11 13:02:00
Tag                                                  Avg(ms)         Min         Max     Std Dev       Count

Performance Statistics   2016-10-11 13:01:00 - 2016-10-11 13:02:00
Tag                                                  Avg(ms)         Min         Max     Std Dev       Count

Performance Statistics   2016-10-11 13:02:00 - 2016-10-11 13:03:00
Tag                                                  Avg(ms)         Min         Max     Std Dev       Count

Performance Statistics   2016-10-11 13:02:00 - 2016-10-11 13:03:00
Tag                                                  Avg(ms)         Min         Max     Std Dev       Count

Performance Statistics   2016-10-11 13:03:00 - 2016-10-11 13:04:00
Tag                                                  Avg(ms)         Min         Max     Std Dev       Count

Performance Statistics   2016-10-11 13:03:00 - 2016-10-11 13:04:00
Tag                                                  Avg(ms)         Min         Max     Std Dev       Count

Performance Statistics   2016-10-11 13:04:00 - 2016-10-11 13:05:00
Tag                                                  Avg(ms)         Min         Max     Std Dev       Count

Performance Statistics   2016-10-11 13:04:00 - 2016-10-11 13:05:00
Tag                                                  Avg(ms)         Min         Max     Std Dev       Count

Performance Statistics   2016-10-11 13:05:00 - 2016-10-11 13:06:00
Tag                                                  Avg(ms)         Min         Max     Std Dev       Count

Performance Statistics   2016-10-11 13:05:00 - 2016-10-11 13:06:00
Tag                                                  Avg(ms)         Min         Max     Std Dev       Count

Performance Statistics   2016-10-11 13:06:00 - 2016-10-11 13:07:00
Tag                                                  Avg(ms)         Min         Max     Std Dev       Count

Performance Statistics   2016-10-11 13:06:00 - 2016-10-11 13:07:00
Tag                                                  Avg(ms)         Min         Max     Std Dev       Count

Performance Statistics   2016-10-11 13:07:00 - 2016-10-11 13:08:00
Tag                                                  Avg(ms)         Min         Max     Std Dev       Count

Performance Statistics   2016-10-11 13:07:00 - 2016-10-11 13:08:00
Tag                                                  Avg(ms)         Min         Max     Std Dev       Count

Performance Statistics   2016-10-11 13:08:00 - 2016-10-11 13:09:00
Tag                                                  Avg(ms)         Min         Max     Std Dev       Count

Performance Statistics   2016-10-11 13:08:00 - 2016-10-11 13:09:00
Tag                                                  Avg(ms)         Min         Max     Std Dev       Count

Performance Statistics   2016-10-11 13:09:00 - 2016-10-11 13:10:00
Tag                                                  Avg(ms)         Min         Max     Std Dev       Count

Performance Statistics   2016-10-11 13:09:00 - 2016-10-11 13:10:00
Tag                                                  Avg(ms)         Min         Max     Std Dev       Count

Performance Statistics   2016-10-11 13:55:00 - 2016-10-11 13:56:00
Tag                                                  Avg(ms)         Min         Max     Std Dev       Count
DESTROY_TICKET_GRANTING_TICKET                           3.0           3           3         0.0           1

Performance Statistics   2016-10-11 18:12:00 - 2016-10-11 18:13:00
Tag                                                  Avg(ms)         Min         Max     Std Dev       Count

Performance Statistics   2016-10-11 18:12:00 - 2016-10-11 18:13:00
Tag                                                  Avg(ms)         Min         Max     Std Dev       Count

Performance Statistics   2016-10-11 18:13:00 - 2016-10-11 18:14:00
Tag                                                  Avg(ms)         Min         Max     Std Dev       Count
AUTHENTICATE                                          2963.0        2963        2963         0.0           1
CREATE_TICKET_GRANTING_TICKET                         2981.0        2981        2981         0.0           1
GRANT_SERVICE_TICKET                                     3.0           2           4         1.0           2

Performance Statistics   2016-10-11 18:13:00 - 2016-10-11 18:14:00
Tag                                                  Avg(ms)         Min         Max     Std Dev       Count

Performance Statistics   2016-10-11 18:14:00 - 2016-10-11 18:15:00
Tag                                                  Avg(ms)         Min         Max     Std Dev       Count

Performance Statistics   2016-10-11 18:14:00 - 2016-10-11 18:15:00
Tag                                                  Avg(ms)         Min         Max     Std Dev       Count
GRANT_SERVICE_TICKET                                     1.5           1           2         0.5           2

Performance Statistics   2016-10-11 18:15:00 - 2016-10-11 18:16:00
Tag                                                  Avg(ms)         Min         Max     Std Dev       Count

Performance Statistics   2016-10-11 18:15:00 - 2016-10-11 18:16:00
Tag                                                  Avg(ms)         Min         Max     Std Dev       Count

Performance Statistics   2016-10-11 18:16:00 - 2016-10-11 18:17:00
Tag                                                  Avg(ms)         Min         Max     Std Dev       Count

Performance Statistics   2016-10-11 18:16:00 - 2016-10-11 18:17:00
Tag                                                  Avg(ms)         Min         Max     Std Dev       Count

Performance Statistics   2016-10-11 18:39:00 - 2016-10-11 18:40:00
Tag                                                  Avg(ms)         Min         Max     Std Dev       Count
DESTROY_TICKET_GRANTING_TICKET                           4.0           4           4         0.0           1

Performance Statistics   2016-10-11 18:39:00 - 2016-10-11 18:40:00
Tag                                                  Avg(ms)         Min         Max     Std Dev       Count

Performance Statistics   2016-10-11 18:40:00 - 2016-10-11 18:41:00
Tag                                                  Avg(ms)         Min         Max     Std Dev       Count

Performance Statistics   2016-10-11 18:40:00 - 2016-10-11 18:41:00
Tag                                                  Avg(ms)         Min         Max     Std Dev       Count

Performance Statistics   2016-10-11 18:41:00 - 2016-10-11 18:42:00
Tag                                                  Avg(ms)         Min         Max     Std Dev       Count

Performance Statistics   2016-10-11 18:41:00 - 2016-10-11 18:42:00
Tag                                                  Avg(ms)         Min         Max     Std Dev       Count

Performance Statistics   2016-10-11 18:42:00 - 2016-10-11 18:43:00
Tag                                                  Avg(ms)         Min         Max     Std Dev       Count

Performance Statistics   2016-10-11 18:42:00 - 2016-10-11 18:43:00
Tag                                                  Avg(ms)         Min         Max     Std Dev       Count

Performance Statistics   2016-10-11 18:43:00 - 2016-10-11 18:44:00
Tag                                                  Avg(ms)         Min         Max     Std Dev       Count

Performance Statistics   2016-10-11 18:43:00 - 2016-10-11 18:44:00
Tag                                                  Avg(ms)         Min         Max     Std Dev       Count

Performance Statistics   2016-10-11 18:44:00 - 2016-10-11 18:45:00
Tag                                                  Avg(ms)         Min         Max     Std Dev       Count

Performance Statistics   2016-10-11 18:44:00 - 2016-10-11 18:45:00
Tag                                                  Avg(ms)         Min         Max     Std Dev       Count

Performance Statistics   2016-10-11 18:45:00 - 2016-10-11 18:46:00
Tag                                                  Avg(ms)         Min         Max     Std Dev       Count

Performance Statistics   2016-10-11 18:45:00 - 2016-10-11 18:46:00
Tag                                                  Avg(ms)         Min         Max     Std Dev       Count

Performance Statistics   2016-10-11 18:46:00 - 2016-10-11 18:47:00
Tag                                                  Avg(ms)         Min         Max     Std Dev       Count

Performance Statistics   2016-10-11 18:46:00 - 2016-10-11 18:47:00
Tag                                                  Avg(ms)         Min         Max     Std Dev       Count

Performance Statistics   2016-10-11 18:47:00 - 2016-10-11 18:48:00
Tag                                                  Avg(ms)         Min         Max     Std Dev       Count
AUTHENTICATE                                          1424.0        1424        1424         0.0           1
CREATE_TICKET_GRANTING_TICKET                         1486.0        1486        1486         0.0           1
GRANT_SERVICE_TICKET                                     4.0           4           4         0.0           1
VALIDATE_SERVICE_TICKET                                 17.0          17          17         0.0           1

Performance Statistics   2016-10-11 18:47:00 - 2016-10-11 18:48:00
Tag                                                  Avg(ms)         Min         Max     Std Dev       Count

Performance Statistics   2016-10-11 18:48:00 - 2016-10-11 18:49:00
Tag                                                  Avg(ms)         Min         Max     Std Dev       Count
GRANT_SERVICE_TICKET                                     0.5           0           1         0.5           2
VALIDATE_SERVICE_TICKET                                  0.0           0           0         0.0           2

Performance Statistics   2016-10-11 18:48:00 - 2016-10-11 18:49:00
Tag                                                  Avg(ms)         Min         Max     Std Dev       Count

Performance Statistics   2016-10-11 18:49:00 - 2016-10-11 18:50:00
Tag                                                  Avg(ms)         Min         Max     Std Dev       Count
GRANT_SERVICE_TICKET                                     1.0           1           1         0.0           1
VALIDATE_SERVICE_TICKET                                  1.0           1           1         0.0           1

Performance Statistics   2016-10-11 18:49:00 - 2016-10-11 18:50:00
Tag                                                  Avg(ms)         Min         Max     Std Dev       Count

Performance Statistics   2016-10-11 18:50:00 - 2016-10-11 18:51:00
Tag                                                  Avg(ms)         Min         Max     Std Dev       Count

Performance Statistics   2016-10-11 18:50:00 - 2016-10-11 18:51:00
Tag                                                  Avg(ms)         Min         Max     Std Dev       Count

Performance Statistics   2016-10-11 18:51:00 - 2016-10-11 18:52:00
Tag                                                  Avg(ms)         Min         Max     Std Dev       Count
GRANT_SERVICE_TICKET                                     0.0           0           0         0.0           2
VALIDATE_SERVICE_TICKET                                  8.0           0          16         8.0           2

Performance Statistics   2016-10-11 18:51:00 - 2016-10-11 18:52:00
Tag                                                  Avg(ms)         Min         Max     Std Dev       Count

Performance Statistics   2016-10-11 18:52:00 - 2016-10-11 18:53:00
Tag                                                  Avg(ms)         Min         Max     Std Dev       Count
AUTHENTICATE                                            46.0          46          46         0.0           1
CREATE_TICKET_GRANTING_TICKET                           84.0          84          84         0.0           1
GRANT_SERVICE_TICKET                                     0.0           0           0         0.0           1
VALIDATE_SERVICE_TICKET                                 25.0          25          25         0.0           1

Performance Statistics   2016-10-11 18:52:00 - 2016-10-11 18:53:00
Tag                                                  Avg(ms)         Min         Max     Std Dev       Count

Performance Statistics   2016-10-11 18:53:00 - 2016-10-11 18:54:00
Tag                                                  Avg(ms)         Min         Max     Std Dev       Count

Performance Statistics   2016-10-11 18:53:00 - 2016-10-11 18:54:00
Tag                                                  Avg(ms)         Min         Max     Std Dev       Count

Performance Statistics   2016-10-11 18:54:00 - 2016-10-11 18:55:00
Tag                                                  Avg(ms)         Min         Max     Std Dev       Count

Performance Statistics   2016-10-11 18:54:00 - 2016-10-11 18:55:00
Tag                                                  Avg(ms)         Min         Max     Std Dev       Count
GRANT_SERVICE_TICKET                                     0.5           0           1         0.5           2
VALIDATE_SERVICE_TICKET                               2560.0           0        5120      2560.0           2

Performance Statistics   2016-10-12 18:30:00 - 2016-10-12 18:31:00
Tag                                                  Avg(ms)         Min         Max     Std Dev       Count

Performance Statistics   2016-10-12 18:31:00 - 2016-10-12 18:32:00
Tag                                                  Avg(ms)         Min         Max     Std Dev       Count

Performance Statistics   2016-10-12 18:32:00 - 2016-10-12 18:33:00
Tag                                                  Avg(ms)         Min         Max     Std Dev       Count
AUTHENTICATE                                           348.0         348         348         0.0           1
CREATE_TICKET_GRANTING_TICKET                          352.0         352         352         0.0           1
GRANT_SERVICE_TICKET                                     2.0           2           2         0.0           1
VALIDATE_SERVICE_TICKET                                  4.0           4           4         0.0           1

Performance Statistics   2016-10-12 18:33:00 - 2016-10-12 18:34:00
Tag                                                  Avg(ms)         Min         Max     Std Dev       Count

Performance Statistics   2016-10-12 18:34:00 - 2016-10-12 18:35:00
Tag                                                  Avg(ms)         Min         Max     Std Dev       Count

Performance Statistics   2016-10-12 18:35:00 - 2016-10-12 18:36:00
Tag                                                  Avg(ms)         Min         Max     Std Dev       Count

Performance Statistics   2016-10-12 18:36:00 - 2016-10-12 18:37:00
Tag                                                  Avg(ms)         Min         Max     Std Dev       Count

Performance Statistics   2016-10-12 18:37:00 - 2016-10-12 18:38:00
Tag                                                  Avg(ms)         Min         Max     Std Dev       Count

Performance Statistics   2016-10-12 18:38:00 - 2016-10-12 18:39:00
Tag                                                  Avg(ms)         Min         Max     Std Dev       Count

Performance Statistics   2016-10-12 18:39:00 - 2016-10-12 18:40:00
Tag                                                  Avg(ms)         Min         Max     Std Dev       Count

Performance Statistics   2016-10-12 18:40:00 - 2016-10-12 18:41:00
Tag                                                  Avg(ms)         Min         Max     Std Dev       Count

Performance Statistics   2016-10-12 18:41:00 - 2016-10-12 18:42:00
Tag                                                  Avg(ms)         Min         Max     Std Dev       Count

Performance Statistics   2016-10-12 18:42:00 - 2016-10-12 18:43:00
Tag                                                  Avg(ms)         Min         Max     Std Dev       Count

Performance Statistics   2016-10-12 18:43:00 - 2016-10-12 18:44:00
Tag                                                  Avg(ms)         Min         Max     Std Dev       Count

Performance Statistics   2016-10-12 18:44:00 - 2016-10-12 18:45:00
Tag                                                  Avg(ms)         Min         Max     Std Dev       Count

Performance Statistics   2016-10-12 18:45:00 - 2016-10-12 18:46:00
Tag                                                  Avg(ms)         Min         Max     Std Dev       Count

Performance Statistics   2016-10-12 18:46:00 - 2016-10-12 18:47:00
Tag                                                  Avg(ms)         Min         Max     Std Dev       Count
AUTHENTICATE                                             3.0           3           3         0.0           1
CREATE_TICKET_GRANTING_TICKET                            4.0           4           4         0.0           1
GRANT_SERVICE_TICKET                                     0.0           0           0         0.0           1
VALIDATE_SERVICE_TICKET                                  0.0           0           0         0.0           1

Performance Statistics   2016-10-12 18:47:00 - 2016-10-12 18:48:00
Tag                                                  Avg(ms)         Min         Max     Std Dev       Count

Performance Statistics   2016-10-12 18:48:00 - 2016-10-12 18:49:00
Tag                                                  Avg(ms)         Min         Max     Std Dev       Count

Performance Statistics   2016-10-12 18:49:00 - 2016-10-12 18:50:00
Tag                                                  Avg(ms)         Min         Max     Std Dev       Count

Performance Statistics   2016-10-12 18:50:00 - 2016-10-12 18:51:00
Tag                                                  Avg(ms)         Min         Max     Std Dev       Count

Performance Statistics   2016-10-12 18:51:00 - 2016-10-12 18:52:00
Tag                                                  Avg(ms)         Min         Max     Std Dev       Count

Performance Statistics   2016-10-12 18:52:00 - 2016-10-12 18:53:00
Tag                                                  Avg(ms)         Min         Max     Std Dev       Count

Performance Statistics   2016-10-12 18:53:00 - 2016-10-12 18:54:00
Tag                                                  Avg(ms)         Min         Max     Std Dev       Count

Performance Statistics   2016-10-12 18:54:00 - 2016-10-12 18:55:00
Tag                                                  Avg(ms)         Min         Max     Std Dev       Count

Performance Statistics   2016-10-12 18:55:00 - 2016-10-12 18:56:00
Tag                                                  Avg(ms)         Min         Max     Std Dev       Count

Performance Statistics   2016-10-12 18:56:00 - 2016-10-12 18:57:00
Tag                                                  Avg(ms)         Min         Max     Std Dev       Count

Performance Statistics   2016-10-12 18:57:00 - 2016-10-12 18:58:00
Tag                                                  Avg(ms)         Min         Max     Std Dev       Count

Performance Statistics   2016-10-12 18:58:00 - 2016-10-12 18:59:00
Tag                                                  Avg(ms)         Min         Max     Std Dev       Count

Performance Statistics   2016-10-12 18:59:00 - 2016-10-12 19:00:00
Tag                                                  Avg(ms)         Min         Max     Std Dev       Count

Performance Statistics   2016-10-12 19:00:00 - 2016-10-12 19:01:00
Tag                                                  Avg(ms)         Min         Max     Std Dev       Count

Performance Statistics   2016-10-12 19:01:00 - 2016-10-12 19:02:00
Tag                                                  Avg(ms)         Min         Max     Std Dev       Count

Performance Statistics   2016-10-12 19:02:00 - 2016-10-12 19:03:00
Tag                                                  Avg(ms)         Min         Max     Std Dev       Count

Performance Statistics   2016-10-12 19:03:00 - 2016-10-12 19:04:00
Tag                                                  Avg(ms)         Min         Max     Std Dev       Count

Performance Statistics   2016-10-12 19:04:00 - 2016-10-12 19:05:00
Tag                                                  Avg(ms)         Min         Max     Std Dev       Count

Performance Statistics   2016-10-12 19:05:00 - 2016-10-12 19:06:00
Tag                                                  Avg(ms)         Min         Max     Std Dev       Count

Performance Statistics   2016-10-12 19:06:00 - 2016-10-12 19:07:00
Tag                                                  Avg(ms)         Min         Max     Std Dev       Count

Performance Statistics   2016-10-12 19:07:00 - 2016-10-12 19:08:00
Tag                                                  Avg(ms)         Min         Max     Std Dev       Count

Performance Statistics   2016-10-14 12:39:00 - 2016-10-14 12:40:00
Tag                                                  Avg(ms)         Min         Max     Std Dev       Count

Performance Statistics   2016-10-14 12:40:00 - 2016-10-14 12:41:00
Tag                                                  Avg(ms)         Min         Max     Std Dev       Count

Performance Statistics   2016-10-14 12:41:00 - 2016-10-14 12:42:00
Tag                                                  Avg(ms)         Min         Max     Std Dev       Count
AUTHENTICATE                                           475.0         475         475         0.0           1
CREATE_TICKET_GRANTING_TICKET                          479.0         479         479         0.0           1
GRANT_SERVICE_TICKET                                     2.0           2           2         0.0           1
VALIDATE_SERVICE_TICKET                                  5.0           5           5         0.0           1

Performance Statistics   2016-10-14 12:42:00 - 2016-10-14 12:43:00
Tag                                                  Avg(ms)         Min         Max     Std Dev       Count

Performance Statistics   2016-10-14 12:43:00 - 2016-10-14 12:44:00
Tag                                                  Avg(ms)         Min         Max     Std Dev       Count

Performance Statistics   2016-10-14 12:44:00 - 2016-10-14 12:45:00
Tag                                                  Avg(ms)         Min         Max     Std Dev       Count

Performance Statistics   2016-10-14 12:45:00 - 2016-10-14 12:46:00
Tag                                                  Avg(ms)         Min         Max     Std Dev       Count

Performance Statistics   2016-10-14 12:46:00 - 2016-10-14 12:47:00
Tag                                                  Avg(ms)         Min         Max     Std Dev       Count

Performance Statistics   2016-10-14 12:47:00 - 2016-10-14 12:48:00
Tag                                                  Avg(ms)         Min         Max     Std Dev       Count

Performance Statistics   2016-10-14 12:48:00 - 2016-10-14 12:49:00
Tag                                                  Avg(ms)         Min         Max     Std Dev       Count

Performance Statistics   2016-10-14 13:48:00 - 2016-10-14 13:49:00
Tag                                                  Avg(ms)         Min         Max     Std Dev       Count

Performance Statistics   2016-10-14 15:52:00 - 2016-10-14 15:53:00
Tag                                                  Avg(ms)         Min         Max     Std Dev       Count

Performance Statistics   2016-10-14 15:53:00 - 2016-10-14 15:54:00
Tag                                                  Avg(ms)         Min         Max     Std Dev       Count

Performance Statistics   2016-10-14 15:54:00 - 2016-10-14 15:55:00
Tag                                                  Avg(ms)         Min         Max     Std Dev       Count

Performance Statistics   2016-10-14 15:55:00 - 2016-10-14 15:56:00
Tag                                                  Avg(ms)         Min         Max     Std Dev       Count

Performance Statistics   2016-10-14 15:56:00 - 2016-10-14 15:57:00
Tag                                                  Avg(ms)         Min         Max     Std Dev       Count

Performance Statistics   2016-10-14 15:57:00 - 2016-10-14 15:58:00
Tag                                                  Avg(ms)         Min         Max     Std Dev       Count

